<?xml version="1.0" encoding="UTF-8"?>
<!-- Generated by org.testng.reporters.JUnitReportReporter -->
<testsuite hostname="DESKTOP-H7ILJQ4" failures="0" tests="4" name="tests.PostRequestTests" time="4.549" errors="0" timestamp="2026-09-04T01:26:47 IST" skipped="0">
  <testcase classname="tests.PostRequestTests" name="createPostWithDataProvider" time="0.736"/>
  <testcase classname="tests.PostRequestTests" name="createPostWithHardcodedData" time="1.375"/>
  <testcase classname="tests.PostRequestTests" name="createPostWithDataProvider" time="0.907"/>
  <testcase classname="tests.PostRequestTests" name="createPostWithDataProvider" time="1.531"/>
</testsuite> <!-- tests.PostRequestTests -->
