<?xml version="1.0" encoding="UTF-8"?>
<!-- Generated by org.testng.reporters.JUnitReportReporter -->
<testsuite hostname="DESKTOP-H7ILJQ4" failures="0" tests="4" name="tests.AdvancedApiTests" time="5.644" errors="0" timestamp="2026-09-04T01:26:47 IST" skipped="0">
  <testcase classname="tests.AdvancedApiTests" name="testWithAuthentication" time="1.909"/>
  <testcase classname="tests.AdvancedApiTests" name="testWithQueryAndPathParameters" time="1.433"/>
  <testcase classname="tests.AdvancedApiTests" name="testWithCustomHeaders" time="0.629"/>
  <testcase classname="tests.AdvancedApiTests" name="apiChaining_GetUserThenCreatePost" time="1.673"/>
</testsuite> <!-- tests.AdvancedApiTests -->
