<?xml version="1.0" encoding="UTF-8"?>
<!-- Generated by org.testng.reporters.JUnitReportReporter -->
<testsuite hostname="DESKTOP-H7ILJQ4" failures="0" tests="3" name="tests.PostExcelDataTests" time="3.228" errors="0" timestamp="2026-09-04T01:26:47 IST" skipped="0">
  <testcase classname="tests.PostExcelDataTests" name="createPostFromExcel" time="1.332"/>
  <testcase classname="tests.PostExcelDataTests" name="createPostFromExcel" time="0.916"/>
  <testcase classname="tests.PostExcelDataTests" name="createPostFromExcel" time="0.980"/>
</testsuite> <!-- tests.PostExcelDataTests -->
