<?xml version="1.0" encoding="UTF-8"?>
<!-- Generated by org.testng.reporters.JUnitXMLReporter -->
<testsuite ignored="4" hostname="DESKTOP-H7ILJQ4" failures="0" tests="14" name="AllTests" time="20.601" errors="0" timestamp="2026-09-04T01:26:47 IST">
  <testcase classname="tests.GetUserTests" name="getAllUsers" time="3.708"/>
  <testcase classname="tests.GetUserTests" name="getSingleUser" time="1.363"/>
  <testcase classname="tests.PostRequestTests" name="createPostWithDataProvider" time="1.531"/>
  <testcase classname="tests.PostRequestTests" name="createPostWithDataProvider" time="0.907"/>
  <testcase classname="tests.PostRequestTests" name="createPostWithDataProvider" time="0.736"/>
  <testcase classname="tests.PostRequestTests" name="createPostWithHardcodedData" time="1.375"/>
  <testcase classname="tests.PostExcelDataTests" name="createPostFromExcel" time="0.98"/>
  <testcase classname="tests.PostExcelDataTests" name="createPostFromExcel" time="0.916"/>
  <testcase classname="tests.PostExcelDataTests" name="createPostFromExcel" time="1.332"/>
  <testcase classname="tests.DeleteRequestTests" name="deletePost" time="0.791"/>
  <testcase classname="tests.AdvancedApiTests" name="apiChaining_GetUserThenCreatePost" time="1.673"/>
  <testcase classname="tests.AdvancedApiTests" name="testWithAuthentication" time="1.909"/>
  <testcase classname="tests.AdvancedApiTests" name="testWithCustomHeaders" time="0.629"/>
  <testcase classname="tests.AdvancedApiTests" name="testWithQueryAndPathParameters" time="1.433"/>
  <testcase classname="base.BaseTest" name="@BeforeSuite beforeSuite" time="0.0">
    <ignored/>
  </testcase> <!-- @BeforeSuite beforeSuite -->
  <testcase classname="base.BaseTest" name="@BeforeSuite beforeSuite" time="0.0">
    <ignored/>
  </testcase> <!-- @BeforeSuite beforeSuite -->
  <testcase classname="base.BaseTest" name="@BeforeSuite beforeSuite" time="0.0">
    <ignored/>
  </testcase> <!-- @BeforeSuite beforeSuite -->
  <testcase classname="base.BaseTest" name="@BeforeSuite beforeSuite" time="0.0">
    <ignored/>
  </testcase> <!-- @BeforeSuite beforeSuite -->
</testsuite> <!-- AllTests -->
