<?xml version="1.0" encoding="UTF-8"?>
<!-- Generated by org.testng.reporters.JUnitXMLReporter -->
<testsuite ignored="5" hostname="DESKTOP-H7ILJQ4" failures="0" tests="13" name="RegressionTests" time="15.57" errors="0" timestamp="2026-09-04T00:57:24 IST">
  <testcase classname="tests.GetUserTests" name="getAllUsers" time="0.627"/>
  <testcase classname="tests.PostRequestTests" name="createPostWithDataProvider" time="1.254"/>
  <testcase classname="tests.PostRequestTests" name="createPostWithDataProvider" time="0.852"/>
  <testcase classname="tests.PostRequestTests" name="createPostWithDataProvider" time="0.785"/>
  <testcase classname="tests.PostRequestTests" name="createPostWithHardcodedData" time="1.39"/>
  <testcase classname="tests.PostExcelDataTests" name="createPostFromExcel" time="1.405"/>
  <testcase classname="tests.PostExcelDataTests" name="createPostFromExcel" time="1.33"/>
  <testcase classname="tests.PostExcelDataTests" name="createPostFromExcel" time="0.911"/>
  <testcase classname="tests.DeleteRequestTests" name="deletePost" time="0.808"/>
  <testcase classname="tests.AdvancedApiTests" name="apiChaining_GetUserThenCreatePost" time="1.762"/>
  <testcase classname="tests.AdvancedApiTests" name="testWithAuthentication" time="1.786"/>
  <testcase classname="tests.AdvancedApiTests" name="testWithCustomHeaders" time="0.452"/>
  <testcase classname="tests.AdvancedApiTests" name="testWithQueryAndPathParameters" time="1.225"/>
  <testcase classname="base.BaseTest" name="@BeforeSuite beforeSuite" time="0.0">
    <ignored/>
  </testcase> <!-- @BeforeSuite beforeSuite -->
  <testcase classname="base.BaseTest" name="@BeforeSuite beforeSuite" time="0.0">
    <ignored/>
  </testcase> <!-- @BeforeSuite beforeSuite -->
  <testcase classname="base.BaseTest" name="@BeforeSuite beforeSuite" time="0.0">
    <ignored/>
  </testcase> <!-- @BeforeSuite beforeSuite -->
  <testcase classname="base.BaseTest" name="@BeforeSuite beforeSuite" time="0.0">
    <ignored/>
  </testcase> <!-- @BeforeSuite beforeSuite -->
  <testcase classname="tests.GetUserTests" name="getSingleUser" time="0.0">
    <ignored/>
  </testcase> <!-- getSingleUser -->
</testsuite> <!-- RegressionTests -->
