<?xml version="1.0" encoding="UTF-8"?>
<!-- Generated by org.testng.reporters.JUnitXMLReporter -->
<testsuite ignored="6" hostname="DESKTOP-H7ILJQ4" failures="0" tests="6" name="SmokeTests" time="8.873" errors="0" timestamp="2026-09-04T00:57:09 IST">
  <testcase classname="tests.GetUserTests" name="getAllUsers" time="3.421"/>
  <testcase classname="tests.GetUserTests" name="getSingleUser" time="1.347"/>
  <testcase classname="tests.PostRequestTests" name="createPostWithHardcodedData" time="1.159"/>
  <testcase classname="tests.DeleteRequestTests" name="deletePost" time="0.87"/>
  <testcase classname="tests.AdvancedApiTests" name="testWithCustomHeaders" time="0.634"/>
  <testcase classname="tests.AdvancedApiTests" name="testWithQueryAndPathParameters" time="1.02"/>
  <testcase classname="base.BaseTest" name="@BeforeSuite beforeSuite" time="0.0">
    <ignored/>
  </testcase> <!-- @BeforeSuite beforeSuite -->
  <testcase classname="tests.PostRequestTests" name="createPostWithDataProvider" time="0.0">
    <ignored/>
  </testcase> <!-- createPostWithDataProvider -->
  <testcase classname="tests.AdvancedApiTests" name="testWithAuthentication" time="0.0">
    <ignored/>
  </testcase> <!-- testWithAuthentication -->
  <testcase classname="base.BaseTest" name="@BeforeSuite beforeSuite" time="0.0">
    <ignored/>
  </testcase> <!-- @BeforeSuite beforeSuite -->
  <testcase classname="tests.AdvancedApiTests" name="apiChaining_GetUserThenCreatePost" time="0.0">
    <ignored/>
  </testcase> <!-- apiChaining_GetUserThenCreatePost -->
  <testcase classname="base.BaseTest" name="@BeforeSuite beforeSuite" time="0.0">
    <ignored/>
  </testcase> <!-- @BeforeSuite beforeSuite -->
</testsuite> <!-- SmokeTests -->
